2021-02-02 01:47:45 Debug: duration=7 rows=8 SHOW FULL COLUMNS FROM `articles`
2021-02-02 01:47:45 Debug: duration=1 rows=3 SHOW INDEXES FROM `articles`
2021-02-02 01:47:45 Debug: duration=9 rows=1 SELECT * FROM information_schema.key_column_usage AS kcu
            INNER JOIN information_schema.referential_constraints AS rc
            ON (
                kcu.CONSTRAINT_NAME = rc.CONSTRAINT_NAME
                AND kcu.CONSTRAINT_SCHEMA = rc.CONSTRAINT_SCHEMA
            )
            WHERE kcu.TABLE_SCHEMA = 'mydb' AND kcu.TABLE_NAME = 'articles' AND rc.TABLE_NAME = 'articles'
2021-02-02 01:47:45 Debug: duration=0 rows=1 SHOW TABLE STATUS WHERE Name = 'articles'
2021-02-02 01:47:45 Debug: duration=0 rows=1 SELECT Articles.id AS `Articles__id`, Articles.user_id AS `Articles__user_id`, Articles.title AS `Articles__title`, Articles.slug AS `Articles__slug`, Articles.body AS `Articles__body`, Articles.published AS `Articles__published`, Articles.created AS `Articles__created`, Articles.modified AS `Articles__modified` FROM articles Articles LIMIT 20 OFFSET 0
2021-02-02 01:47:45 Debug: duration=0 rows=1 SELECT (COUNT(*)) AS `count` FROM articles Articles
2021-02-02 02:43:23 Debug: duration=1 rows=8 SHOW FULL COLUMNS FROM `articles`
2021-02-02 02:43:23 Debug: duration=0 rows=3 SHOW INDEXES FROM `articles`
2021-02-02 02:43:23 Debug: duration=6 rows=1 SELECT * FROM information_schema.key_column_usage AS kcu
            INNER JOIN information_schema.referential_constraints AS rc
            ON (
                kcu.CONSTRAINT_NAME = rc.CONSTRAINT_NAME
                AND kcu.CONSTRAINT_SCHEMA = rc.CONSTRAINT_SCHEMA
            )
            WHERE kcu.TABLE_SCHEMA = 'mydb' AND kcu.TABLE_NAME = 'articles' AND rc.TABLE_NAME = 'articles'
2021-02-02 02:43:23 Debug: duration=6 rows=1 SHOW TABLE STATUS WHERE Name = 'articles'
2021-02-02 02:43:23 Debug: duration=0 rows=1 SELECT Articles.id AS `Articles__id`, Articles.user_id AS `Articles__user_id`, Articles.title AS `Articles__title`, Articles.slug AS `Articles__slug`, Articles.body AS `Articles__body`, Articles.published AS `Articles__published`, Articles.created AS `Articles__created`, Articles.modified AS `Articles__modified` FROM articles Articles WHERE Articles.slug = 'first-post' LIMIT 1
2021-02-02 02:43:25 Debug: duration=0 rows=1 SELECT Articles.id AS `Articles__id`, Articles.user_id AS `Articles__user_id`, Articles.title AS `Articles__title`, Articles.slug AS `Articles__slug`, Articles.body AS `Articles__body`, Articles.published AS `Articles__published`, Articles.created AS `Articles__created`, Articles.modified AS `Articles__modified` FROM articles Articles WHERE Articles.slug = 'first-post' LIMIT 1
2021-02-02 02:43:28 Debug: duration=0 rows=1 SELECT Articles.id AS `Articles__id`, Articles.user_id AS `Articles__user_id`, Articles.title AS `Articles__title`, Articles.slug AS `Articles__slug`, Articles.body AS `Articles__body`, Articles.published AS `Articles__published`, Articles.created AS `Articles__created`, Articles.modified AS `Articles__modified` FROM articles Articles WHERE Articles.slug = 'first-post' LIMIT 1
2021-02-02 02:43:28 Debug: duration=0 rows=1 SELECT Articles.id AS `Articles__id`, Articles.user_id AS `Articles__user_id`, Articles.title AS `Articles__title`, Articles.slug AS `Articles__slug`, Articles.body AS `Articles__body`, Articles.published AS `Articles__published`, Articles.created AS `Articles__created`, Articles.modified AS `Articles__modified` FROM articles Articles LIMIT 20 OFFSET 0
2021-02-02 02:43:28 Debug: duration=1 rows=1 SELECT (COUNT(*)) AS `count` FROM articles Articles
2021-02-02 02:48:17 Debug: duration=1 rows=4 SHOW TABLES FROM `mydb`
2021-02-02 02:48:17 Debug: duration=6 rows=5 SHOW FULL COLUMNS FROM `users`
2021-02-02 02:48:17 Debug: duration=0 rows=1 SHOW INDEXES FROM `users`
2021-02-02 02:48:17 Debug: duration=8 rows=0 SELECT * FROM information_schema.key_column_usage AS kcu
            INNER JOIN information_schema.referential_constraints AS rc
            ON (
                kcu.CONSTRAINT_NAME = rc.CONSTRAINT_NAME
                AND kcu.CONSTRAINT_SCHEMA = rc.CONSTRAINT_SCHEMA
            )
            WHERE kcu.TABLE_SCHEMA = 'mydb' AND kcu.TABLE_NAME = 'users' AND rc.TABLE_NAME = 'users'
2021-02-02 02:48:17 Debug: duration=1 rows=1 SHOW TABLE STATUS WHERE Name = 'users'
2021-02-02 02:48:17 Debug: duration=1 rows=8 SHOW FULL COLUMNS FROM `articles`
2021-02-02 02:48:17 Debug: duration=0 rows=3 SHOW INDEXES FROM `articles`
2021-02-02 02:48:17 Debug: duration=1 rows=1 SELECT * FROM information_schema.key_column_usage AS kcu
            INNER JOIN information_schema.referential_constraints AS rc
            ON (
                kcu.CONSTRAINT_NAME = rc.CONSTRAINT_NAME
                AND kcu.CONSTRAINT_SCHEMA = rc.CONSTRAINT_SCHEMA
            )
            WHERE kcu.TABLE_SCHEMA = 'mydb' AND kcu.TABLE_NAME = 'articles' AND rc.TABLE_NAME = 'articles'
2021-02-02 02:48:17 Debug: duration=0 rows=1 SHOW TABLE STATUS WHERE Name = 'articles'
2021-02-02 02:48:17 Debug: duration=0 rows=2 SHOW FULL COLUMNS FROM `articles_tags`
2021-02-02 02:48:17 Debug: duration=0 rows=3 SHOW INDEXES FROM `articles_tags`
2021-02-02 02:48:17 Debug: duration=7 rows=2 SELECT * FROM information_schema.key_column_usage AS kcu
            INNER JOIN information_schema.referential_constraints AS rc
            ON (
                kcu.CONSTRAINT_NAME = rc.CONSTRAINT_NAME
                AND kcu.CONSTRAINT_SCHEMA = rc.CONSTRAINT_SCHEMA
            )
            WHERE kcu.TABLE_SCHEMA = 'mydb' AND kcu.TABLE_NAME = 'articles_tags' AND rc.TABLE_NAME = 'articles_tags'
2021-02-02 02:48:17 Debug: duration=0 rows=1 SHOW TABLE STATUS WHERE Name = 'articles_tags'
2021-02-02 02:48:17 Debug: duration=0 rows=4 SHOW FULL COLUMNS FROM `tags`
2021-02-02 02:48:17 Debug: duration=0 rows=2 SHOW INDEXES FROM `tags`
2021-02-02 02:48:17 Debug: duration=1 rows=0 SELECT * FROM information_schema.key_column_usage AS kcu
            INNER JOIN information_schema.referential_constraints AS rc
            ON (
                kcu.CONSTRAINT_NAME = rc.CONSTRAINT_NAME
                AND kcu.CONSTRAINT_SCHEMA = rc.CONSTRAINT_SCHEMA
            )
            WHERE kcu.TABLE_SCHEMA = 'mydb' AND kcu.TABLE_NAME = 'tags' AND rc.TABLE_NAME = 'tags'
2021-02-02 02:48:17 Debug: duration=0 rows=1 SHOW TABLE STATUS WHERE Name = 'tags'
2021-02-02 02:48:17 Debug: duration=0 rows=5 SHOW FULL COLUMNS FROM `users`
2021-02-02 02:48:17 Debug: duration=0 rows=1 SHOW INDEXES FROM `users`
2021-02-02 02:48:17 Debug: duration=0 rows=0 SELECT * FROM information_schema.key_column_usage AS kcu
            INNER JOIN information_schema.referential_constraints AS rc
            ON (
                kcu.CONSTRAINT_NAME = rc.CONSTRAINT_NAME
                AND kcu.CONSTRAINT_SCHEMA = rc.CONSTRAINT_SCHEMA
            )
            WHERE kcu.TABLE_SCHEMA = 'mydb' AND kcu.TABLE_NAME = 'users' AND rc.TABLE_NAME = 'users'
2021-02-02 02:48:17 Debug: duration=0 rows=1 SHOW TABLE STATUS WHERE Name = 'users'
2021-02-02 02:48:35 Debug: duration=0 rows=5 SHOW FULL COLUMNS FROM `users`
2021-02-02 02:48:35 Debug: duration=0 rows=1 SHOW INDEXES FROM `users`
2021-02-02 02:48:35 Debug: duration=1 rows=0 SELECT * FROM information_schema.key_column_usage AS kcu
            INNER JOIN information_schema.referential_constraints AS rc
            ON (
                kcu.CONSTRAINT_NAME = rc.CONSTRAINT_NAME
                AND kcu.CONSTRAINT_SCHEMA = rc.CONSTRAINT_SCHEMA
            )
            WHERE kcu.TABLE_SCHEMA = 'mydb' AND kcu.TABLE_NAME = 'users' AND rc.TABLE_NAME = 'users'
2021-02-02 02:48:35 Debug: duration=0 rows=1 SHOW TABLE STATUS WHERE Name = 'users'
2021-02-02 02:48:35 Debug: duration=1 rows=8 SHOW FULL COLUMNS FROM `articles`
2021-02-02 02:48:35 Debug: duration=0 rows=3 SHOW INDEXES FROM `articles`
2021-02-02 02:48:35 Debug: duration=1 rows=1 SELECT * FROM information_schema.key_column_usage AS kcu
            INNER JOIN information_schema.referential_constraints AS rc
            ON (
                kcu.CONSTRAINT_NAME = rc.CONSTRAINT_NAME
                AND kcu.CONSTRAINT_SCHEMA = rc.CONSTRAINT_SCHEMA
            )
            WHERE kcu.TABLE_SCHEMA = 'mydb' AND kcu.TABLE_NAME = 'articles' AND rc.TABLE_NAME = 'articles'
2021-02-02 02:48:35 Debug: duration=0 rows=1 SHOW TABLE STATUS WHERE Name = 'articles'
2021-02-02 02:49:29 Debug: duration=0 rows=4 SHOW TABLES FROM `mydb`
2021-02-02 02:49:29 Debug: duration=0 rows=4 SHOW FULL COLUMNS FROM `tags`
2021-02-02 02:49:29 Debug: duration=0 rows=2 SHOW INDEXES FROM `tags`
2021-02-02 02:49:29 Debug: duration=0 rows=0 SELECT * FROM information_schema.key_column_usage AS kcu
            INNER JOIN information_schema.referential_constraints AS rc
            ON (
                kcu.CONSTRAINT_NAME = rc.CONSTRAINT_NAME
                AND kcu.CONSTRAINT_SCHEMA = rc.CONSTRAINT_SCHEMA
            )
            WHERE kcu.TABLE_SCHEMA = 'mydb' AND kcu.TABLE_NAME = 'tags' AND rc.TABLE_NAME = 'tags'
2021-02-02 02:49:29 Debug: duration=0 rows=1 SHOW TABLE STATUS WHERE Name = 'tags'
2021-02-02 02:49:29 Debug: duration=0 rows=8 SHOW FULL COLUMNS FROM `articles`
2021-02-02 02:49:29 Debug: duration=0 rows=3 SHOW INDEXES FROM `articles`
2021-02-02 02:49:29 Debug: duration=0 rows=1 SELECT * FROM information_schema.key_column_usage AS kcu
            INNER JOIN information_schema.referential_constraints AS rc
            ON (
                kcu.CONSTRAINT_NAME = rc.CONSTRAINT_NAME
                AND kcu.CONSTRAINT_SCHEMA = rc.CONSTRAINT_SCHEMA
            )
            WHERE kcu.TABLE_SCHEMA = 'mydb' AND kcu.TABLE_NAME = 'articles' AND rc.TABLE_NAME = 'articles'
2021-02-02 02:49:29 Debug: duration=0 rows=1 SHOW TABLE STATUS WHERE Name = 'articles'
2021-02-02 02:49:29 Debug: duration=0 rows=2 SHOW FULL COLUMNS FROM `articles_tags`
2021-02-02 02:49:29 Debug: duration=0 rows=3 SHOW INDEXES FROM `articles_tags`
2021-02-02 02:49:29 Debug: duration=0 rows=2 SELECT * FROM information_schema.key_column_usage AS kcu
            INNER JOIN information_schema.referential_constraints AS rc
            ON (
                kcu.CONSTRAINT_NAME = rc.CONSTRAINT_NAME
                AND kcu.CONSTRAINT_SCHEMA = rc.CONSTRAINT_SCHEMA
            )
            WHERE kcu.TABLE_SCHEMA = 'mydb' AND kcu.TABLE_NAME = 'articles_tags' AND rc.TABLE_NAME = 'articles_tags'
2021-02-02 02:49:29 Debug: duration=0 rows=1 SHOW TABLE STATUS WHERE Name = 'articles_tags'
2021-02-02 02:49:29 Debug: duration=1 rows=5 SHOW FULL COLUMNS FROM `users`
2021-02-02 02:49:29 Debug: duration=0 rows=1 SHOW INDEXES FROM `users`
2021-02-02 02:49:29 Debug: duration=0 rows=0 SELECT * FROM information_schema.key_column_usage AS kcu
            INNER JOIN information_schema.referential_constraints AS rc
            ON (
                kcu.CONSTRAINT_NAME = rc.CONSTRAINT_NAME
                AND kcu.CONSTRAINT_SCHEMA = rc.CONSTRAINT_SCHEMA
            )
            WHERE kcu.TABLE_SCHEMA = 'mydb' AND kcu.TABLE_NAME = 'users' AND rc.TABLE_NAME = 'users'
2021-02-02 02:49:29 Debug: duration=0 rows=1 SHOW TABLE STATUS WHERE Name = 'users'
2021-02-02 02:49:29 Debug: duration=0 rows=4 SHOW FULL COLUMNS FROM `tags`
2021-02-02 02:49:29 Debug: duration=0 rows=2 SHOW INDEXES FROM `tags`
2021-02-02 02:49:29 Debug: duration=0 rows=0 SELECT * FROM information_schema.key_column_usage AS kcu
            INNER JOIN information_schema.referential_constraints AS rc
            ON (
                kcu.CONSTRAINT_NAME = rc.CONSTRAINT_NAME
                AND kcu.CONSTRAINT_SCHEMA = rc.CONSTRAINT_SCHEMA
            )
            WHERE kcu.TABLE_SCHEMA = 'mydb' AND kcu.TABLE_NAME = 'tags' AND rc.TABLE_NAME = 'tags'
2021-02-02 02:49:29 Debug: duration=0 rows=1 SHOW TABLE STATUS WHERE Name = 'tags'
2021-02-02 02:49:29 Debug: duration=0 rows=8 SHOW FULL COLUMNS FROM `articles`
2021-02-02 02:49:29 Debug: duration=0 rows=3 SHOW INDEXES FROM `articles`
2021-02-02 02:49:29 Debug: duration=0 rows=1 SELECT * FROM information_schema.key_column_usage AS kcu
            INNER JOIN information_schema.referential_constraints AS rc
            ON (
                kcu.CONSTRAINT_NAME = rc.CONSTRAINT_NAME
                AND kcu.CONSTRAINT_SCHEMA = rc.CONSTRAINT_SCHEMA
            )
            WHERE kcu.TABLE_SCHEMA = 'mydb' AND kcu.TABLE_NAME = 'articles' AND rc.TABLE_NAME = 'articles'
2021-02-02 02:49:29 Debug: duration=0 rows=1 SHOW TABLE STATUS WHERE Name = 'articles'
2021-02-02 02:49:50 Debug: duration=1 rows=8 SHOW FULL COLUMNS FROM `articles`
2021-02-02 02:49:50 Debug: duration=0 rows=3 SHOW INDEXES FROM `articles`
2021-02-02 02:49:50 Debug: duration=0 rows=1 SELECT * FROM information_schema.key_column_usage AS kcu
            INNER JOIN information_schema.referential_constraints AS rc
            ON (
                kcu.CONSTRAINT_NAME = rc.CONSTRAINT_NAME
                AND kcu.CONSTRAINT_SCHEMA = rc.CONSTRAINT_SCHEMA
            )
            WHERE kcu.TABLE_SCHEMA = 'mydb' AND kcu.TABLE_NAME = 'articles' AND rc.TABLE_NAME = 'articles'
2021-02-02 02:49:50 Debug: duration=0 rows=1 SHOW TABLE STATUS WHERE Name = 'articles'
2021-02-02 02:49:50 Debug: duration=0 rows=4 SHOW FULL COLUMNS FROM `tags`
2021-02-02 02:49:50 Debug: duration=0 rows=2 SHOW INDEXES FROM `tags`
2021-02-02 02:49:50 Debug: duration=1 rows=0 SELECT * FROM information_schema.key_column_usage AS kcu
            INNER JOIN information_schema.referential_constraints AS rc
            ON (
                kcu.CONSTRAINT_NAME = rc.CONSTRAINT_NAME
                AND kcu.CONSTRAINT_SCHEMA = rc.CONSTRAINT_SCHEMA
            )
            WHERE kcu.TABLE_SCHEMA = 'mydb' AND kcu.TABLE_NAME = 'tags' AND rc.TABLE_NAME = 'tags'
2021-02-02 02:49:50 Debug: duration=0 rows=1 SHOW TABLE STATUS WHERE Name = 'tags'
2021-02-02 02:49:50 Debug: duration=0 rows=1 SELECT Articles.id AS `Articles__id`, Articles.title AS `Articles__title` FROM articles Articles LIMIT 200
2021-02-02 02:50:09 Debug: duration=0 rows=0 SELECT 1 AS `existing` FROM tags Tags WHERE Tags.title = 'tag1' LIMIT 1
2021-02-02 02:50:09 Debug: duration=0 rows=1 SELECT Articles.id AS `Articles__id`, Articles.user_id AS `Articles__user_id`, Articles.title AS `Articles__title`, Articles.slug AS `Articles__slug`, Articles.body AS `Articles__body`, Articles.published AS `Articles__published`, Articles.created AS `Articles__created`, Articles.modified AS `Articles__modified` FROM articles Articles WHERE Articles.id in (1)
2021-02-02 02:50:09 Debug: duration=0 rows=0 BEGIN
2021-02-02 02:50:09 Debug: duration=0 rows=0 SELECT 1 AS `existing` FROM tags Tags WHERE Tags.title = 'tag1' LIMIT 1
2021-02-02 02:50:09 Debug: duration=0 rows=1 INSERT INTO tags (title, created, modified) VALUES ('tag1', '2021-02-02 02:50:09', '2021-02-02 02:50:09')
2021-02-02 02:50:09 Debug: duration=0 rows=2 SHOW FULL COLUMNS FROM `articles_tags`
2021-02-02 02:50:09 Debug: duration=0 rows=3 SHOW INDEXES FROM `articles_tags`
2021-02-02 02:50:09 Debug: duration=0 rows=2 SELECT * FROM information_schema.key_column_usage AS kcu
            INNER JOIN information_schema.referential_constraints AS rc
            ON (
                kcu.CONSTRAINT_NAME = rc.CONSTRAINT_NAME
                AND kcu.CONSTRAINT_SCHEMA = rc.CONSTRAINT_SCHEMA
            )
            WHERE kcu.TABLE_SCHEMA = 'mydb' AND kcu.TABLE_NAME = 'articles_tags' AND rc.TABLE_NAME = 'articles_tags'
2021-02-02 02:50:09 Debug: duration=0 rows=1 SHOW TABLE STATUS WHERE Name = 'articles_tags'
2021-02-02 02:50:09 Debug: duration=0 rows=0 SELECT ArticlesTags.article_id AS `ArticlesTags__article_id`, ArticlesTags.tag_id AS `ArticlesTags__tag_id` FROM articles_tags ArticlesTags WHERE (tag_id = 1 AND article_id = 1)
2021-02-02 02:50:09 Debug: duration=8 rows=0 SELECT ArticlesTags.article_id AS `ArticlesTags__article_id`, ArticlesTags.tag_id AS `ArticlesTags__tag_id` FROM articles_tags ArticlesTags WHERE ArticlesTags.tag_id = 1
2021-02-02 02:50:09 Debug: duration=0 rows=0 SELECT 1 AS `existing` FROM articles_tags ArticlesTags WHERE (ArticlesTags.article_id = 1 AND ArticlesTags.tag_id = 1) LIMIT 1
2021-02-02 02:50:09 Debug: duration=0 rows=1 INSERT INTO articles_tags (article_id, tag_id) VALUES (1, 1)
2021-02-02 02:50:09 Debug: duration=0 rows=0 COMMIT
2021-02-02 02:50:09 Debug: duration=0 rows=1 SELECT Tags.id AS `Tags__id`, Tags.title AS `Tags__title`, Tags.created AS `Tags__created`, Tags.modified AS `Tags__modified` FROM tags Tags LIMIT 20 OFFSET 0
2021-02-02 02:50:09 Debug: duration=0 rows=1 SELECT (COUNT(*)) AS `count` FROM tags Tags
2021-02-02 02:50:13 Debug: duration=0 rows=1 SELECT Articles.id AS `Articles__id`, Articles.title AS `Articles__title` FROM articles Articles LIMIT 200
2021-02-02 02:50:22 Debug: duration=0 rows=0 SELECT 1 AS `existing` FROM tags Tags WHERE Tags.title = 'tag2' LIMIT 1
2021-02-02 02:50:22 Debug: duration=0 rows=1 SELECT Articles.id AS `Articles__id`, Articles.user_id AS `Articles__user_id`, Articles.title AS `Articles__title`, Articles.slug AS `Articles__slug`, Articles.body AS `Articles__body`, Articles.published AS `Articles__published`, Articles.created AS `Articles__created`, Articles.modified AS `Articles__modified` FROM articles Articles WHERE Articles.id in (1)
2021-02-02 02:50:22 Debug: duration=0 rows=0 BEGIN
2021-02-02 02:50:22 Debug: duration=0 rows=0 SELECT 1 AS `existing` FROM tags Tags WHERE Tags.title = 'tag2' LIMIT 1
2021-02-02 02:50:22 Debug: duration=0 rows=1 INSERT INTO tags (title, created, modified) VALUES ('tag2', '2021-02-02 02:50:22', '2021-02-02 02:50:22')
2021-02-02 02:50:22 Debug: duration=6 rows=0 SELECT ArticlesTags.article_id AS `ArticlesTags__article_id`, ArticlesTags.tag_id AS `ArticlesTags__tag_id` FROM articles_tags ArticlesTags WHERE (tag_id = 2 AND article_id = 1)
2021-02-02 02:50:22 Debug: duration=0 rows=0 SELECT ArticlesTags.article_id AS `ArticlesTags__article_id`, ArticlesTags.tag_id AS `ArticlesTags__tag_id` FROM articles_tags ArticlesTags WHERE ArticlesTags.tag_id = 2
2021-02-02 02:50:22 Debug: duration=0 rows=0 SELECT 1 AS `existing` FROM articles_tags ArticlesTags WHERE (ArticlesTags.article_id = 1 AND ArticlesTags.tag_id = 2) LIMIT 1
2021-02-02 02:50:22 Debug: duration=0 rows=1 INSERT INTO articles_tags (article_id, tag_id) VALUES (1, 2)
2021-02-02 02:50:22 Debug: duration=0 rows=0 COMMIT
2021-02-02 02:50:22 Debug: duration=0 rows=2 SELECT Tags.id AS `Tags__id`, Tags.title AS `Tags__title`, Tags.created AS `Tags__created`, Tags.modified AS `Tags__modified` FROM tags Tags LIMIT 20 OFFSET 0
2021-02-02 02:50:22 Debug: duration=0 rows=1 SELECT (COUNT(*)) AS `count` FROM tags Tags
2021-02-02 02:58:22 Debug: duration=0 rows=4 SHOW FULL COLUMNS FROM `tags`
2021-02-02 02:58:22 Debug: duration=0 rows=2 SHOW INDEXES FROM `tags`
2021-02-02 02:58:22 Debug: duration=7 rows=0 SELECT * FROM information_schema.key_column_usage AS kcu
            INNER JOIN information_schema.referential_constraints AS rc
            ON (
                kcu.CONSTRAINT_NAME = rc.CONSTRAINT_NAME
                AND kcu.CONSTRAINT_SCHEMA = rc.CONSTRAINT_SCHEMA
            )
            WHERE kcu.TABLE_SCHEMA = 'mydb' AND kcu.TABLE_NAME = 'tags' AND rc.TABLE_NAME = 'tags'
2021-02-02 02:58:22 Debug: duration=6 rows=1 SHOW TABLE STATUS WHERE Name = 'tags'
2021-02-02 02:58:22 Debug: duration=0 rows=2 SELECT Tags.id AS `Tags__id`, Tags.title AS `Tags__title`, Tags.created AS `Tags__created`, Tags.modified AS `Tags__modified` FROM tags Tags LIMIT 20 OFFSET 0
2021-02-02 02:58:22 Debug: duration=0 rows=1 SELECT (COUNT(*)) AS `count` FROM tags Tags
2021-02-02 02:58:26 Debug: duration=1 rows=8 SHOW FULL COLUMNS FROM `articles`
2021-02-02 02:58:26 Debug: duration=0 rows=3 SHOW INDEXES FROM `articles`
2021-02-02 02:58:26 Debug: duration=0 rows=1 SELECT * FROM information_schema.key_column_usage AS kcu
            INNER JOIN information_schema.referential_constraints AS rc
            ON (
                kcu.CONSTRAINT_NAME = rc.CONSTRAINT_NAME
                AND kcu.CONSTRAINT_SCHEMA = rc.CONSTRAINT_SCHEMA
            )
            WHERE kcu.TABLE_SCHEMA = 'mydb' AND kcu.TABLE_NAME = 'articles' AND rc.TABLE_NAME = 'articles'
2021-02-02 02:58:26 Debug: duration=0 rows=1 SHOW TABLE STATUS WHERE Name = 'articles'
2021-02-02 02:58:26 Debug: duration=0 rows=1 SELECT Tags.id AS `Tags__id`, Tags.title AS `Tags__title`, Tags.created AS `Tags__created`, Tags.modified AS `Tags__modified` FROM tags Tags WHERE Tags.id = 1 LIMIT 1
2021-02-02 02:58:26 Debug: duration=0 rows=2 SHOW FULL COLUMNS FROM `articles_tags`
2021-02-02 02:58:26 Debug: duration=0 rows=3 SHOW INDEXES FROM `articles_tags`
2021-02-02 02:58:26 Debug: duration=0 rows=2 SELECT * FROM information_schema.key_column_usage AS kcu
            INNER JOIN information_schema.referential_constraints AS rc
            ON (
                kcu.CONSTRAINT_NAME = rc.CONSTRAINT_NAME
                AND kcu.CONSTRAINT_SCHEMA = rc.CONSTRAINT_SCHEMA
            )
            WHERE kcu.TABLE_SCHEMA = 'mydb' AND kcu.TABLE_NAME = 'articles_tags' AND rc.TABLE_NAME = 'articles_tags'
2021-02-02 02:58:26 Debug: duration=0 rows=1 SHOW TABLE STATUS WHERE Name = 'articles_tags'
2021-02-02 02:58:26 Debug: duration=7 rows=1 SELECT ArticlesTags.article_id AS `Articles_CJoin__article_id`, ArticlesTags.tag_id AS `Articles_CJoin__tag_id`, Articles.id AS `Articles__id`, Articles.user_id AS `Articles__user_id`, Articles.title AS `Articles__title`, Articles.slug AS `Articles__slug`, Articles.body AS `Articles__body`, Articles.published AS `Articles__published`, Articles.created AS `Articles__created`, Articles.modified AS `Articles__modified` FROM articles Articles INNER JOIN articles_tags ArticlesTags ON Articles.id = (ArticlesTags.article_id) WHERE ArticlesTags.tag_id in (1)
2021-02-02 02:58:26 Debug: duration=0 rows=1 SELECT Articles.id AS `Articles__id`, Articles.title AS `Articles__title` FROM articles Articles LIMIT 200
2021-02-02 02:58:29 Debug: duration=0 rows=1 SELECT Tags.id AS `Tags__id`, Tags.title AS `Tags__title`, Tags.created AS `Tags__created`, Tags.modified AS `Tags__modified` FROM tags Tags WHERE Tags.id = 1 LIMIT 1
2021-02-02 02:58:29 Debug: duration=0 rows=1 SELECT ArticlesTags.article_id AS `Articles_CJoin__article_id`, ArticlesTags.tag_id AS `Articles_CJoin__tag_id`, Articles.id AS `Articles__id`, Articles.user_id AS `Articles__user_id`, Articles.title AS `Articles__title`, Articles.slug AS `Articles__slug`, Articles.body AS `Articles__body`, Articles.published AS `Articles__published`, Articles.created AS `Articles__created`, Articles.modified AS `Articles__modified` FROM articles Articles INNER JOIN articles_tags ArticlesTags ON Articles.id = (ArticlesTags.article_id) WHERE ArticlesTags.tag_id in (1)
2021-02-02 02:58:29 Debug: duration=0 rows=0 SELECT 1 AS `existing` FROM tags Tags WHERE (Tags.title = 'tag1' AND NOT (Tags.id = 1)) LIMIT 1
2021-02-02 02:58:29 Debug: duration=0 rows=1 SELECT Articles.id AS `Articles__id`, Articles.user_id AS `Articles__user_id`, Articles.title AS `Articles__title`, Articles.slug AS `Articles__slug`, Articles.body AS `Articles__body`, Articles.published AS `Articles__published`, Articles.created AS `Articles__created`, Articles.modified AS `Articles__modified` FROM articles Articles WHERE Articles.id in (1)
2021-02-02 02:58:29 Debug: duration=0 rows=0 BEGIN
2021-02-02 02:58:29 Debug: duration=7 rows=1 UPDATE tags SET modified = '2021-02-02 02:58:29' WHERE id = 1
2021-02-02 02:58:29 Debug: duration=0 rows=1 SELECT ArticlesTags.article_id AS `ArticlesTags__article_id`, ArticlesTags.tag_id AS `ArticlesTags__tag_id` FROM articles_tags ArticlesTags WHERE (tag_id = 1 AND article_id = 1)
2021-02-02 02:58:29 Debug: duration=0 rows=1 SELECT ArticlesTags.article_id AS `ArticlesTags__article_id`, ArticlesTags.tag_id AS `ArticlesTags__tag_id` FROM articles_tags ArticlesTags WHERE ArticlesTags.tag_id = 1
2021-02-02 02:58:29 Debug: duration=0 rows=0 COMMIT
2021-02-02 02:58:29 Debug: duration=0 rows=2 SELECT Tags.id AS `Tags__id`, Tags.title AS `Tags__title`, Tags.created AS `Tags__created`, Tags.modified AS `Tags__modified` FROM tags Tags LIMIT 20 OFFSET 0
2021-02-02 02:58:29 Debug: duration=0 rows=1 SELECT (COUNT(*)) AS `count` FROM tags Tags
2021-02-02 02:58:30 Debug: duration=0 rows=1 SELECT Tags.id AS `Tags__id`, Tags.title AS `Tags__title`, Tags.created AS `Tags__created`, Tags.modified AS `Tags__modified` FROM tags Tags WHERE Tags.id = 1 LIMIT 1
2021-02-02 02:58:30 Debug: duration=0 rows=1 SELECT ArticlesTags.article_id AS `Articles_CJoin__article_id`, ArticlesTags.tag_id AS `Articles_CJoin__tag_id`, Articles.id AS `Articles__id`, Articles.user_id AS `Articles__user_id`, Articles.title AS `Articles__title`, Articles.slug AS `Articles__slug`, Articles.body AS `Articles__body`, Articles.published AS `Articles__published`, Articles.created AS `Articles__created`, Articles.modified AS `Articles__modified` FROM articles Articles INNER JOIN articles_tags ArticlesTags ON Articles.id = (ArticlesTags.article_id) WHERE ArticlesTags.tag_id in (1)
2021-02-02 03:10:04 Debug: duration=1 rows=4 SHOW FULL COLUMNS FROM `tags`
2021-02-02 03:10:04 Debug: duration=0 rows=2 SHOW INDEXES FROM `tags`
2021-02-02 03:10:04 Debug: duration=6 rows=0 SELECT * FROM information_schema.key_column_usage AS kcu
            INNER JOIN information_schema.referential_constraints AS rc
            ON (
                kcu.CONSTRAINT_NAME = rc.CONSTRAINT_NAME
                AND kcu.CONSTRAINT_SCHEMA = rc.CONSTRAINT_SCHEMA
            )
            WHERE kcu.TABLE_SCHEMA = 'mydb' AND kcu.TABLE_NAME = 'tags' AND rc.TABLE_NAME = 'tags'
2021-02-02 03:10:04 Debug: duration=6 rows=1 SHOW TABLE STATUS WHERE Name = 'tags'
2021-02-02 03:10:04 Debug: duration=1 rows=8 SHOW FULL COLUMNS FROM `articles`
2021-02-02 03:10:04 Debug: duration=0 rows=3 SHOW INDEXES FROM `articles`
2021-02-02 03:10:04 Debug: duration=1 rows=1 SELECT * FROM information_schema.key_column_usage AS kcu
            INNER JOIN information_schema.referential_constraints AS rc
            ON (
                kcu.CONSTRAINT_NAME = rc.CONSTRAINT_NAME
                AND kcu.CONSTRAINT_SCHEMA = rc.CONSTRAINT_SCHEMA
            )
            WHERE kcu.TABLE_SCHEMA = 'mydb' AND kcu.TABLE_NAME = 'articles' AND rc.TABLE_NAME = 'articles'
2021-02-02 03:10:04 Debug: duration=0 rows=1 SHOW TABLE STATUS WHERE Name = 'articles'
2021-02-02 03:10:04 Debug: duration=0 rows=1 SELECT Tags.id AS `Tags__id`, Tags.title AS `Tags__title`, Tags.created AS `Tags__created`, Tags.modified AS `Tags__modified` FROM tags Tags WHERE Tags.id = 1 LIMIT 1
2021-02-02 03:10:04 Debug: duration=0 rows=2 SHOW FULL COLUMNS FROM `articles_tags`
2021-02-02 03:10:04 Debug: duration=0 rows=3 SHOW INDEXES FROM `articles_tags`
2021-02-02 03:10:04 Debug: duration=1 rows=2 SELECT * FROM information_schema.key_column_usage AS kcu
            INNER JOIN information_schema.referential_constraints AS rc
            ON (
                kcu.CONSTRAINT_NAME = rc.CONSTRAINT_NAME
                AND kcu.CONSTRAINT_SCHEMA = rc.CONSTRAINT_SCHEMA
            )
            WHERE kcu.TABLE_SCHEMA = 'mydb' AND kcu.TABLE_NAME = 'articles_tags' AND rc.TABLE_NAME = 'articles_tags'
2021-02-02 03:10:04 Debug: duration=0 rows=1 SHOW TABLE STATUS WHERE Name = 'articles_tags'
2021-02-02 03:10:04 Debug: duration=0 rows=1 SELECT ArticlesTags.article_id AS `Articles_CJoin__article_id`, ArticlesTags.tag_id AS `Articles_CJoin__tag_id`, Articles.id AS `Articles__id`, Articles.user_id AS `Articles__user_id`, Articles.title AS `Articles__title`, Articles.slug AS `Articles__slug`, Articles.body AS `Articles__body`, Articles.published AS `Articles__published`, Articles.created AS `Articles__created`, Articles.modified AS `Articles__modified` FROM articles Articles INNER JOIN articles_tags ArticlesTags ON Articles.id = (ArticlesTags.article_id) WHERE ArticlesTags.tag_id in (1)
2021-02-02 03:12:33 Debug: duration=0 rows=8 SHOW FULL COLUMNS FROM `articles`
2021-02-02 03:12:33 Debug: duration=0 rows=3 SHOW INDEXES FROM `articles`
2021-02-02 03:12:33 Debug: duration=1 rows=1 SELECT * FROM information_schema.key_column_usage AS kcu
            INNER JOIN information_schema.referential_constraints AS rc
            ON (
                kcu.CONSTRAINT_NAME = rc.CONSTRAINT_NAME
                AND kcu.CONSTRAINT_SCHEMA = rc.CONSTRAINT_SCHEMA
            )
            WHERE kcu.TABLE_SCHEMA = 'mydb' AND kcu.TABLE_NAME = 'articles' AND rc.TABLE_NAME = 'articles'
2021-02-02 03:12:33 Debug: duration=0 rows=1 SHOW TABLE STATUS WHERE Name = 'articles'
2021-02-02 03:12:33 Debug: duration=1 rows=4 SHOW FULL COLUMNS FROM `tags`
2021-02-02 03:12:33 Debug: duration=0 rows=2 SHOW INDEXES FROM `tags`
2021-02-02 03:12:33 Debug: duration=1 rows=0 SELECT * FROM information_schema.key_column_usage AS kcu
            INNER JOIN information_schema.referential_constraints AS rc
            ON (
                kcu.CONSTRAINT_NAME = rc.CONSTRAINT_NAME
                AND kcu.CONSTRAINT_SCHEMA = rc.CONSTRAINT_SCHEMA
            )
            WHERE kcu.TABLE_SCHEMA = 'mydb' AND kcu.TABLE_NAME = 'tags' AND rc.TABLE_NAME = 'tags'
2021-02-02 03:12:33 Debug: duration=0 rows=1 SHOW TABLE STATUS WHERE Name = 'tags'
2021-02-02 03:12:33 Debug: duration=0 rows=2 SHOW FULL COLUMNS FROM `articles_tags`
2021-02-02 03:12:33 Debug: duration=0 rows=3 SHOW INDEXES FROM `articles_tags`
2021-02-02 03:12:33 Debug: duration=0 rows=2 SELECT * FROM information_schema.key_column_usage AS kcu
            INNER JOIN information_schema.referential_constraints AS rc
            ON (
                kcu.CONSTRAINT_NAME = rc.CONSTRAINT_NAME
                AND kcu.CONSTRAINT_SCHEMA = rc.CONSTRAINT_SCHEMA
            )
            WHERE kcu.TABLE_SCHEMA = 'mydb' AND kcu.TABLE_NAME = 'articles_tags' AND rc.TABLE_NAME = 'articles_tags'
2021-02-02 03:12:33 Debug: duration=0 rows=1 SHOW TABLE STATUS WHERE Name = 'articles_tags'
2021-02-02 03:12:33 Debug: duration=0 rows=0 SELECT Articles.id AS `Articles__id`, Articles.user_id AS `Articles__user_id`, Articles.title AS `Articles__title`, Articles.body AS `Articles__body`, Articles.published AS `Articles__published`, Articles.created AS `Articles__created`, Articles.slug AS `Articles__slug` FROM articles Articles LEFT JOIN articles_tags ArticlesTags ON Articles.id = (ArticlesTags.article_id) LEFT JOIN tags Tags ON Tags.id = (ArticlesTags.tag_id) WHERE (Tags.title) IS NULL GROUP BY Articles.id, Articles.user_id, Articles.title, Articles.body, Articles.published, Articles.created, Articles.slug 
2021-02-02 03:12:41 Debug: duration=0 rows=1 SELECT Articles.id AS `Articles__id`, Articles.user_id AS `Articles__user_id`, Articles.title AS `Articles__title`, Articles.slug AS `Articles__slug`, Articles.body AS `Articles__body`, Articles.published AS `Articles__published`, Articles.created AS `Articles__created`, Articles.modified AS `Articles__modified` FROM articles Articles LIMIT 20 OFFSET 0
2021-02-02 03:12:41 Debug: duration=0 rows=1 SELECT (COUNT(*)) AS `count` FROM articles Articles
2021-02-02 03:12:58 Debug: duration=0 rows=0 SELECT Articles.id AS `Articles__id`, Articles.user_id AS `Articles__user_id`, Articles.title AS `Articles__title`, Articles.body AS `Articles__body`, Articles.published AS `Articles__published`, Articles.created AS `Articles__created`, Articles.slug AS `Articles__slug` FROM articles Articles INNER JOIN articles_tags ArticlesTags ON Articles.id = (ArticlesTags.article_id) INNER JOIN tags Tags ON Tags.id = (ArticlesTags.tag_id) WHERE Tags.title in ('funny') GROUP BY Articles.id, Articles.user_id, Articles.title, Articles.body, Articles.published, Articles.created, Articles.slug 
2021-02-02 03:13:04 Debug: duration=0 rows=0 SELECT Articles.id AS `Articles__id`, Articles.user_id AS `Articles__user_id`, Articles.title AS `Articles__title`, Articles.body AS `Articles__body`, Articles.published AS `Articles__published`, Articles.created AS `Articles__created`, Articles.slug AS `Articles__slug` FROM articles Articles INNER JOIN articles_tags ArticlesTags ON Articles.id = (ArticlesTags.article_id) INNER JOIN tags Tags ON Tags.id = (ArticlesTags.tag_id) WHERE Tags.title in ('funny') GROUP BY Articles.id, Articles.user_id, Articles.title, Articles.body, Articles.published, Articles.created, Articles.slug 
2021-02-02 03:13:07 Debug: duration=0 rows=1 SELECT Articles.id AS `Articles__id`, Articles.user_id AS `Articles__user_id`, Articles.title AS `Articles__title`, Articles.slug AS `Articles__slug`, Articles.body AS `Articles__body`, Articles.published AS `Articles__published`, Articles.created AS `Articles__created`, Articles.modified AS `Articles__modified` FROM articles Articles LIMIT 20 OFFSET 0
2021-02-02 03:13:07 Debug: duration=0 rows=1 SELECT (COUNT(*)) AS `count` FROM articles Articles
2021-02-02 03:22:36 Debug: duration=1 rows=4 SHOW FULL COLUMNS FROM `tags`
2021-02-02 03:22:36 Debug: duration=0 rows=2 SHOW INDEXES FROM `tags`
2021-02-02 03:22:36 Debug: duration=6 rows=0 SELECT * FROM information_schema.key_column_usage AS kcu
            INNER JOIN information_schema.referential_constraints AS rc
            ON (
                kcu.CONSTRAINT_NAME = rc.CONSTRAINT_NAME
                AND kcu.CONSTRAINT_SCHEMA = rc.CONSTRAINT_SCHEMA
            )
            WHERE kcu.TABLE_SCHEMA = 'mydb' AND kcu.TABLE_NAME = 'tags' AND rc.TABLE_NAME = 'tags'
2021-02-02 03:22:36 Debug: duration=6 rows=1 SHOW TABLE STATUS WHERE Name = 'tags'
2021-02-02 03:22:36 Debug: duration=0 rows=8 SHOW FULL COLUMNS FROM `articles`
2021-02-02 03:22:36 Debug: duration=0 rows=3 SHOW INDEXES FROM `articles`
2021-02-02 03:22:36 Debug: duration=0 rows=1 SELECT * FROM information_schema.key_column_usage AS kcu
            INNER JOIN information_schema.referential_constraints AS rc
            ON (
                kcu.CONSTRAINT_NAME = rc.CONSTRAINT_NAME
                AND kcu.CONSTRAINT_SCHEMA = rc.CONSTRAINT_SCHEMA
            )
            WHERE kcu.TABLE_SCHEMA = 'mydb' AND kcu.TABLE_NAME = 'articles' AND rc.TABLE_NAME = 'articles'
2021-02-02 03:22:36 Debug: duration=0 rows=1 SHOW TABLE STATUS WHERE Name = 'articles'
2021-02-02 03:22:36 Debug: duration=0 rows=1 SELECT Tags.id AS `Tags__id`, Tags.title AS `Tags__title`, Tags.created AS `Tags__created`, Tags.modified AS `Tags__modified` FROM tags Tags WHERE Tags.id = 1 LIMIT 1
2021-02-02 03:22:36 Debug: duration=0 rows=2 SHOW FULL COLUMNS FROM `articles_tags`
2021-02-02 03:22:36 Debug: duration=0 rows=3 SHOW INDEXES FROM `articles_tags`
2021-02-02 03:22:36 Debug: duration=1 rows=2 SELECT * FROM information_schema.key_column_usage AS kcu
            INNER JOIN information_schema.referential_constraints AS rc
            ON (
                kcu.CONSTRAINT_NAME = rc.CONSTRAINT_NAME
                AND kcu.CONSTRAINT_SCHEMA = rc.CONSTRAINT_SCHEMA
            )
            WHERE kcu.TABLE_SCHEMA = 'mydb' AND kcu.TABLE_NAME = 'articles_tags' AND rc.TABLE_NAME = 'articles_tags'
2021-02-02 03:22:36 Debug: duration=0 rows=1 SHOW TABLE STATUS WHERE Name = 'articles_tags'
2021-02-02 03:22:36 Debug: duration=0 rows=1 SELECT ArticlesTags.article_id AS `Articles_CJoin__article_id`, ArticlesTags.tag_id AS `Articles_CJoin__tag_id`, Articles.id AS `Articles__id`, Articles.user_id AS `Articles__user_id`, Articles.title AS `Articles__title`, Articles.slug AS `Articles__slug`, Articles.body AS `Articles__body`, Articles.published AS `Articles__published`, Articles.created AS `Articles__created`, Articles.modified AS `Articles__modified` FROM articles Articles INNER JOIN articles_tags ArticlesTags ON Articles.id = (ArticlesTags.article_id) WHERE ArticlesTags.tag_id in (1)
2021-02-02 03:22:47 Debug: duration=0 rows=2 SELECT Tags.id AS `Tags__id`, Tags.title AS `Tags__title`, Tags.created AS `Tags__created`, Tags.modified AS `Tags__modified` FROM tags Tags LIMIT 20 OFFSET 0
2021-02-02 03:22:47 Debug: duration=0 rows=1 SELECT (COUNT(*)) AS `count` FROM tags Tags
2021-02-02 03:22:51 Debug: duration=0 rows=2 SELECT Tags.id AS `Tags__id`, Tags.title AS `Tags__title`, Tags.created AS `Tags__created`, Tags.modified AS `Tags__modified` FROM tags Tags LIMIT 20 OFFSET 0
2021-02-02 03:22:51 Debug: duration=0 rows=1 SELECT (COUNT(*)) AS `count` FROM tags Tags
2021-02-02 03:22:53 Debug: duration=0 rows=2 SELECT Tags.id AS `Tags__id`, Tags.title AS `Tags__title`, Tags.created AS `Tags__created`, Tags.modified AS `Tags__modified` FROM tags Tags LIMIT 20 OFFSET 0
2021-02-02 03:22:53 Debug: duration=0 rows=1 SELECT (COUNT(*)) AS `count` FROM tags Tags
2021-02-02 03:22:53 Debug: duration=0 rows=2 SELECT Tags.id AS `Tags__id`, Tags.title AS `Tags__title`, Tags.created AS `Tags__created`, Tags.modified AS `Tags__modified` FROM tags Tags LIMIT 20 OFFSET 0
2021-02-02 03:22:53 Debug: duration=0 rows=1 SELECT (COUNT(*)) AS `count` FROM tags Tags
2021-02-02 03:47:54 Debug: duration=1 rows=5 SHOW FULL COLUMNS FROM `users`
2021-02-02 03:47:54 Debug: duration=0 rows=1 SHOW INDEXES FROM `users`
2021-02-02 03:47:54 Debug: duration=6 rows=0 SELECT * FROM information_schema.key_column_usage AS kcu
            INNER JOIN information_schema.referential_constraints AS rc
            ON (
                kcu.CONSTRAINT_NAME = rc.CONSTRAINT_NAME
                AND kcu.CONSTRAINT_SCHEMA = rc.CONSTRAINT_SCHEMA
            )
            WHERE kcu.TABLE_SCHEMA = 'mydb' AND kcu.TABLE_NAME = 'users' AND rc.TABLE_NAME = 'users'
2021-02-02 03:47:54 Debug: duration=6 rows=1 SHOW TABLE STATUS WHERE Name = 'users'
2021-02-02 03:47:54 Debug: duration=0 rows=1 SELECT Users.id AS `Users__id`, Users.email AS `Users__email`, Users.password AS `Users__password`, Users.created AS `Users__created`, Users.modified AS `Users__modified` FROM users Users LIMIT 20 OFFSET 0
2021-02-02 03:47:54 Debug: duration=0 rows=1 SELECT (COUNT(*)) AS `count` FROM users Users
2021-02-02 04:00:22 Debug: duration=1 rows=5 SHOW FULL COLUMNS FROM `users`
2021-02-02 04:00:22 Debug: duration=0 rows=1 SHOW INDEXES FROM `users`
2021-02-02 04:00:22 Debug: duration=7 rows=0 SELECT * FROM information_schema.key_column_usage AS kcu
            INNER JOIN information_schema.referential_constraints AS rc
            ON (
                kcu.CONSTRAINT_NAME = rc.CONSTRAINT_NAME
                AND kcu.CONSTRAINT_SCHEMA = rc.CONSTRAINT_SCHEMA
            )
            WHERE kcu.TABLE_SCHEMA = 'mydb' AND kcu.TABLE_NAME = 'users' AND rc.TABLE_NAME = 'users'
2021-02-02 04:00:22 Debug: duration=0 rows=1 SHOW TABLE STATUS WHERE Name = 'users'
2021-02-02 04:00:22 Debug: duration=0 rows=0 SELECT Users.id AS `Users__id`, Users.email AS `Users__email`, Users.password AS `Users__password`, Users.created AS `Users__created`, Users.modified AS `Users__modified` FROM users Users WHERE Users.email = 'takumi28280503@gmail.com' LIMIT 1
2021-02-02 04:01:22 Debug: duration=1 rows=0 SELECT Users.id AS `Users__id`, Users.email AS `Users__email`, Users.password AS `Users__password`, Users.created AS `Users__created`, Users.modified AS `Users__modified` FROM users Users WHERE Users.email = 'takumi28280503@gmail.com' LIMIT 1
2021-02-02 04:01:25 Debug: duration=0 rows=0 SELECT Users.id AS `Users__id`, Users.email AS `Users__email`, Users.password AS `Users__password`, Users.created AS `Users__created`, Users.modified AS `Users__modified` FROM users Users WHERE Users.email = 'takumi28280503@gmail.com' LIMIT 1
2021-02-02 04:01:27 Debug: duration=0 rows=0 SELECT Users.id AS `Users__id`, Users.email AS `Users__email`, Users.password AS `Users__password`, Users.created AS `Users__created`, Users.modified AS `Users__modified` FROM users Users WHERE Users.email = 'takumi28280503@gmail.com' LIMIT 1
2021-02-02 04:05:09 Debug: duration=1 rows=5 SHOW FULL COLUMNS FROM `users`
2021-02-02 04:05:09 Debug: duration=0 rows=1 SHOW INDEXES FROM `users`
2021-02-02 04:05:09 Debug: duration=6 rows=0 SELECT * FROM information_schema.key_column_usage AS kcu
            INNER JOIN information_schema.referential_constraints AS rc
            ON (
                kcu.CONSTRAINT_NAME = rc.CONSTRAINT_NAME
                AND kcu.CONSTRAINT_SCHEMA = rc.CONSTRAINT_SCHEMA
            )
            WHERE kcu.TABLE_SCHEMA = 'mydb' AND kcu.TABLE_NAME = 'users' AND rc.TABLE_NAME = 'users'
2021-02-02 04:05:09 Debug: duration=0 rows=1 SHOW TABLE STATUS WHERE Name = 'users'
2021-02-02 04:05:09 Debug: duration=0 rows=0 SELECT Users.id AS `Users__id`, Users.email AS `Users__email`, Users.password AS `Users__password`, Users.created AS `Users__created`, Users.modified AS `Users__modified` FROM users Users WHERE Users.email = 'takumi28280503@gmail.com' LIMIT 1
2021-02-02 04:05:23 Debug: duration=0 rows=0 BEGIN
2021-02-02 04:05:23 Debug: duration=0 rows=0 SELECT 1 AS `existing` FROM users Users WHERE Users.email = 'takumi28280503@gmail.com' LIMIT 1
2021-02-02 04:05:23 Debug: duration=0 rows=1 INSERT INTO users (email, password, created, modified) VALUES ('takumi28280503@gmail.com', '$2y$10$LZVpOGJOoqenK05klDybken7.8HchpOpiQLlU7DajFhaFsRL7Hptq', '2021-02-02 04:05:23', '2021-02-02 04:05:23')
2021-02-02 04:05:23 Debug: duration=0 rows=0 COMMIT
2021-02-02 04:05:23 Debug: duration=0 rows=2 SELECT Users.id AS `Users__id`, Users.email AS `Users__email`, Users.password AS `Users__password`, Users.created AS `Users__created`, Users.modified AS `Users__modified` FROM users Users LIMIT 20 OFFSET 0
2021-02-02 04:05:23 Debug: duration=0 rows=1 SELECT (COUNT(*)) AS `count` FROM users Users
2021-02-02 04:05:36 Debug: duration=0 rows=1 SELECT Users.id AS `Users__id`, Users.email AS `Users__email`, Users.password AS `Users__password`, Users.created AS `Users__created`, Users.modified AS `Users__modified` FROM users Users WHERE Users.email = 'takumi28280503@gmail.com' LIMIT 1
2021-02-02 04:06:05 Debug: duration=1 rows=4 SHOW FULL COLUMNS FROM `tags`
2021-02-02 04:06:05 Debug: duration=0 rows=2 SHOW INDEXES FROM `tags`
2021-02-02 04:06:05 Debug: duration=6 rows=0 SELECT * FROM information_schema.key_column_usage AS kcu
            INNER JOIN information_schema.referential_constraints AS rc
            ON (
                kcu.CONSTRAINT_NAME = rc.CONSTRAINT_NAME
                AND kcu.CONSTRAINT_SCHEMA = rc.CONSTRAINT_SCHEMA
            )
            WHERE kcu.TABLE_SCHEMA = 'mydb' AND kcu.TABLE_NAME = 'tags' AND rc.TABLE_NAME = 'tags'
2021-02-02 04:06:05 Debug: duration=7 rows=1 SHOW TABLE STATUS WHERE Name = 'tags'
2021-02-02 04:06:05 Debug: duration=0 rows=2 SELECT Tags.id AS `Tags__id`, Tags.title AS `Tags__title`, Tags.created AS `Tags__created`, Tags.modified AS `Tags__modified` FROM tags Tags LIMIT 20 OFFSET 0
2021-02-02 04:06:05 Debug: duration=1 rows=1 SELECT (COUNT(*)) AS `count` FROM tags Tags
2021-02-02 04:22:32 Debug: duration=0 rows=8 SHOW FULL COLUMNS FROM `articles`
2021-02-02 04:22:32 Debug: duration=0 rows=3 SHOW INDEXES FROM `articles`
2021-02-02 04:22:32 Debug: duration=7 rows=1 SELECT * FROM information_schema.key_column_usage AS kcu
            INNER JOIN information_schema.referential_constraints AS rc
            ON (
                kcu.CONSTRAINT_NAME = rc.CONSTRAINT_NAME
                AND kcu.CONSTRAINT_SCHEMA = rc.CONSTRAINT_SCHEMA
            )
            WHERE kcu.TABLE_SCHEMA = 'mydb' AND kcu.TABLE_NAME = 'articles' AND rc.TABLE_NAME = 'articles'
2021-02-02 04:22:32 Debug: duration=6 rows=1 SHOW TABLE STATUS WHERE Name = 'articles'
2021-02-02 04:22:32 Debug: duration=0 rows=1 SELECT Articles.id AS `Articles__id`, Articles.user_id AS `Articles__user_id`, Articles.title AS `Articles__title`, Articles.slug AS `Articles__slug`, Articles.body AS `Articles__body`, Articles.published AS `Articles__published`, Articles.created AS `Articles__created`, Articles.modified AS `Articles__modified` FROM articles Articles LIMIT 20 OFFSET 0
2021-02-02 04:22:32 Debug: duration=0 rows=1 SELECT (COUNT(*)) AS `count` FROM articles Articles
2021-02-02 04:22:51 Debug: duration=0 rows=1 SELECT Articles.id AS `Articles__id`, Articles.user_id AS `Articles__user_id`, Articles.title AS `Articles__title`, Articles.slug AS `Articles__slug`, Articles.body AS `Articles__body`, Articles.published AS `Articles__published`, Articles.created AS `Articles__created`, Articles.modified AS `Articles__modified` FROM articles Articles LIMIT 20 OFFSET 0
2021-02-02 04:22:51 Debug: duration=0 rows=1 SELECT (COUNT(*)) AS `count` FROM articles Articles
2021-02-03 01:38:24 Debug: duration=1 rows=8 SHOW FULL COLUMNS FROM `articles`
2021-02-03 01:38:24 Debug: duration=0 rows=3 SHOW INDEXES FROM `articles`
2021-02-03 01:38:24 Debug: duration=7 rows=1 SELECT * FROM information_schema.key_column_usage AS kcu
            INNER JOIN information_schema.referential_constraints AS rc
            ON (
                kcu.CONSTRAINT_NAME = rc.CONSTRAINT_NAME
                AND kcu.CONSTRAINT_SCHEMA = rc.CONSTRAINT_SCHEMA
            )
            WHERE kcu.TABLE_SCHEMA = 'mydb' AND kcu.TABLE_NAME = 'articles' AND rc.TABLE_NAME = 'articles'
2021-02-03 01:38:24 Debug: duration=6 rows=1 SHOW TABLE STATUS WHERE Name = 'articles'
2021-02-03 01:38:24 Debug: duration=0 rows=1 SELECT Articles.id AS `Articles__id`, Articles.user_id AS `Articles__user_id`, Articles.title AS `Articles__title`, Articles.slug AS `Articles__slug`, Articles.body AS `Articles__body`, Articles.published AS `Articles__published`, Articles.created AS `Articles__created`, Articles.modified AS `Articles__modified` FROM articles Articles LIMIT 20 OFFSET 0
2021-02-03 01:38:24 Debug: duration=0 rows=1 SELECT (COUNT(*)) AS `count` FROM articles Articles
2021-02-03 01:38:36 Debug: duration=1 rows=5 SHOW FULL COLUMNS FROM `users`
2021-02-03 01:38:36 Debug: duration=0 rows=1 SHOW INDEXES FROM `users`
2021-02-03 01:38:36 Debug: duration=7 rows=0 SELECT * FROM information_schema.key_column_usage AS kcu
            INNER JOIN information_schema.referential_constraints AS rc
            ON (
                kcu.CONSTRAINT_NAME = rc.CONSTRAINT_NAME
                AND kcu.CONSTRAINT_SCHEMA = rc.CONSTRAINT_SCHEMA
            )
            WHERE kcu.TABLE_SCHEMA = 'mydb' AND kcu.TABLE_NAME = 'users' AND rc.TABLE_NAME = 'users'
2021-02-03 01:38:36 Debug: duration=0 rows=1 SHOW TABLE STATUS WHERE Name = 'users'
2021-02-03 01:38:36 Debug: duration=0 rows=1 SELECT Users.id AS `Users__id`, Users.email AS `Users__email`, Users.password AS `Users__password`, Users.created AS `Users__created`, Users.modified AS `Users__modified` FROM users Users WHERE Users.email = 'takumi28280503@gmail.com' LIMIT 1
2021-02-03 01:44:19 Debug: duration=1 rows=8 SHOW FULL COLUMNS FROM `articles`
2021-02-03 01:44:19 Debug: duration=0 rows=3 SHOW INDEXES FROM `articles`
2021-02-03 01:44:19 Debug: duration=6 rows=1 SELECT * FROM information_schema.key_column_usage AS kcu
            INNER JOIN information_schema.referential_constraints AS rc
            ON (
                kcu.CONSTRAINT_NAME = rc.CONSTRAINT_NAME
                AND kcu.CONSTRAINT_SCHEMA = rc.CONSTRAINT_SCHEMA
            )
            WHERE kcu.TABLE_SCHEMA = 'mydb' AND kcu.TABLE_NAME = 'articles' AND rc.TABLE_NAME = 'articles'
2021-02-03 01:44:19 Debug: duration=6 rows=1 SHOW TABLE STATUS WHERE Name = 'articles'
2021-02-03 01:44:19 Debug: duration=0 rows=1 SELECT Articles.id AS `Articles__id`, Articles.user_id AS `Articles__user_id`, Articles.title AS `Articles__title`, Articles.slug AS `Articles__slug`, Articles.body AS `Articles__body`, Articles.published AS `Articles__published`, Articles.created AS `Articles__created`, Articles.modified AS `Articles__modified` FROM articles Articles LIMIT 20 OFFSET 0
2021-02-03 01:44:19 Debug: duration=1 rows=1 SELECT (COUNT(*)) AS `count` FROM articles Articles
2021-02-03 01:44:21 Debug: duration=0 rows=1 SELECT Articles.id AS `Articles__id`, Articles.user_id AS `Articles__user_id`, Articles.title AS `Articles__title`, Articles.slug AS `Articles__slug`, Articles.body AS `Articles__body`, Articles.published AS `Articles__published`, Articles.created AS `Articles__created`, Articles.modified AS `Articles__modified` FROM articles Articles WHERE Articles.slug = 'first-post' LIMIT 1
2021-02-03 01:44:23 Debug: duration=1 rows=1 SELECT Articles.id AS `Articles__id`, Articles.user_id AS `Articles__user_id`, Articles.title AS `Articles__title`, Articles.slug AS `Articles__slug`, Articles.body AS `Articles__body`, Articles.published AS `Articles__published`, Articles.created AS `Articles__created`, Articles.modified AS `Articles__modified` FROM articles Articles WHERE Articles.slug = 'first-post' LIMIT 1
2021-02-03 01:44:23 Debug: duration=0 rows=1 SELECT Articles.id AS `Articles__id`, Articles.user_id AS `Articles__user_id`, Articles.title AS `Articles__title`, Articles.slug AS `Articles__slug`, Articles.body AS `Articles__body`, Articles.published AS `Articles__published`, Articles.created AS `Articles__created`, Articles.modified AS `Articles__modified` FROM articles Articles WHERE Articles.slug = 'first-post' LIMIT 1
2021-02-03 01:44:30 Debug: duration=0 rows=1 SELECT Articles.id AS `Articles__id`, Articles.user_id AS `Articles__user_id`, Articles.title AS `Articles__title`, Articles.slug AS `Articles__slug`, Articles.body AS `Articles__body`, Articles.published AS `Articles__published`, Articles.created AS `Articles__created`, Articles.modified AS `Articles__modified` FROM articles Articles WHERE Articles.slug = 'first-post' LIMIT 1
2021-02-03 01:44:30 Debug: duration=0 rows=1 SELECT Articles.id AS `Articles__id`, Articles.user_id AS `Articles__user_id`, Articles.title AS `Articles__title`, Articles.slug AS `Articles__slug`, Articles.body AS `Articles__body`, Articles.published AS `Articles__published`, Articles.created AS `Articles__created`, Articles.modified AS `Articles__modified` FROM articles Articles WHERE Articles.slug = 'first-post' LIMIT 1
2021-02-03 01:44:34 Debug: duration=0 rows=1 SELECT Articles.id AS `Articles__id`, Articles.user_id AS `Articles__user_id`, Articles.title AS `Articles__title`, Articles.slug AS `Articles__slug`, Articles.body AS `Articles__body`, Articles.published AS `Articles__published`, Articles.created AS `Articles__created`, Articles.modified AS `Articles__modified` FROM articles Articles WHERE Articles.slug = 'first-post' LIMIT 1
2021-02-03 01:44:37 Debug: duration=0 rows=1 SELECT Articles.id AS `Articles__id`, Articles.user_id AS `Articles__user_id`, Articles.title AS `Articles__title`, Articles.slug AS `Articles__slug`, Articles.body AS `Articles__body`, Articles.published AS `Articles__published`, Articles.created AS `Articles__created`, Articles.modified AS `Articles__modified` FROM articles Articles WHERE Articles.slug = 'first-post' LIMIT 1
2021-02-03 01:44:42 Debug: duration=0 rows=1 SELECT Articles.id AS `Articles__id`, Articles.user_id AS `Articles__user_id`, Articles.title AS `Articles__title`, Articles.slug AS `Articles__slug`, Articles.body AS `Articles__body`, Articles.published AS `Articles__published`, Articles.created AS `Articles__created`, Articles.modified AS `Articles__modified` FROM articles Articles LIMIT 20 OFFSET 0
2021-02-03 01:44:42 Debug: duration=0 rows=1 SELECT (COUNT(*)) AS `count` FROM articles Articles
2021-02-03 01:45:12 Debug: duration=0 rows=1 SELECT Articles.id AS `Articles__id`, Articles.user_id AS `Articles__user_id`, Articles.title AS `Articles__title`, Articles.slug AS `Articles__slug`, Articles.body AS `Articles__body`, Articles.published AS `Articles__published`, Articles.created AS `Articles__created`, Articles.modified AS `Articles__modified` FROM articles Articles LIMIT 20 OFFSET 0
2021-02-03 01:45:12 Debug: duration=0 rows=1 SELECT (COUNT(*)) AS `count` FROM articles Articles
2021-02-03 01:45:13 Debug: duration=0 rows=1 SELECT Articles.id AS `Articles__id`, Articles.user_id AS `Articles__user_id`, Articles.title AS `Articles__title`, Articles.slug AS `Articles__slug`, Articles.body AS `Articles__body`, Articles.published AS `Articles__published`, Articles.created AS `Articles__created`, Articles.modified AS `Articles__modified` FROM articles Articles LIMIT 20 OFFSET 0
2021-02-03 01:45:13 Debug: duration=0 rows=1 SELECT (COUNT(*)) AS `count` FROM articles Articles
2021-02-03 01:59:01 Debug: duration=0 rows=4 SHOW FULL COLUMNS FROM `tags`
2021-02-03 01:59:01 Debug: duration=0 rows=2 SHOW INDEXES FROM `tags`
2021-02-03 01:59:01 Debug: duration=9 rows=0 SELECT * FROM information_schema.key_column_usage AS kcu
            INNER JOIN information_schema.referential_constraints AS rc
            ON (
                kcu.CONSTRAINT_NAME = rc.CONSTRAINT_NAME
                AND kcu.CONSTRAINT_SCHEMA = rc.CONSTRAINT_SCHEMA
            )
            WHERE kcu.TABLE_SCHEMA = 'mydb' AND kcu.TABLE_NAME = 'tags' AND rc.TABLE_NAME = 'tags'
2021-02-03 01:59:01 Debug: duration=6 rows=1 SHOW TABLE STATUS WHERE Name = 'tags'
2021-02-03 01:59:01 Debug: duration=0 rows=2 SELECT Tags.id AS `Tags__id`, Tags.title AS `Tags__title`, Tags.created AS `Tags__created`, Tags.modified AS `Tags__modified` FROM tags Tags LIMIT 20 OFFSET 0
2021-02-03 01:59:01 Debug: duration=0 rows=1 SELECT (COUNT(*)) AS `count` FROM tags Tags
2021-02-03 01:59:10 Debug: duration=0 rows=2 SELECT Tags.id AS `Tags__id`, Tags.title AS `Tags__title`, Tags.created AS `Tags__created`, Tags.modified AS `Tags__modified` FROM tags Tags LIMIT 20 OFFSET 0
2021-02-03 01:59:10 Debug: duration=0 rows=1 SELECT (COUNT(*)) AS `count` FROM tags Tags
2021-02-03 01:59:12 Debug: duration=0 rows=2 SELECT Tags.id AS `Tags__id`, Tags.title AS `Tags__title`, Tags.created AS `Tags__created`, Tags.modified AS `Tags__modified` FROM tags Tags LIMIT 20 OFFSET 0
2021-02-03 01:59:12 Debug: duration=0 rows=1 SELECT (COUNT(*)) AS `count` FROM tags Tags
2021-02-03 01:59:13 Debug: duration=0 rows=2 SELECT Tags.id AS `Tags__id`, Tags.title AS `Tags__title`, Tags.created AS `Tags__created`, Tags.modified AS `Tags__modified` FROM tags Tags LIMIT 20 OFFSET 0
2021-02-03 01:59:13 Debug: duration=0 rows=1 SELECT (COUNT(*)) AS `count` FROM tags Tags
2021-02-03 01:59:13 Debug: duration=0 rows=2 SELECT Tags.id AS `Tags__id`, Tags.title AS `Tags__title`, Tags.created AS `Tags__created`, Tags.modified AS `Tags__modified` FROM tags Tags LIMIT 20 OFFSET 0
2021-02-03 01:59:13 Debug: duration=0 rows=1 SELECT (COUNT(*)) AS `count` FROM tags Tags
2021-02-03 01:59:14 Debug: duration=0 rows=2 SELECT Tags.id AS `Tags__id`, Tags.title AS `Tags__title`, Tags.created AS `Tags__created`, Tags.modified AS `Tags__modified` FROM tags Tags LIMIT 20 OFFSET 0
2021-02-03 01:59:14 Debug: duration=0 rows=1 SELECT (COUNT(*)) AS `count` FROM tags Tags
2021-02-03 01:59:17 Debug: duration=0 rows=2 SELECT Tags.id AS `Tags__id`, Tags.title AS `Tags__title`, Tags.created AS `Tags__created`, Tags.modified AS `Tags__modified` FROM tags Tags LIMIT 20 OFFSET 0
2021-02-03 01:59:17 Debug: duration=0 rows=1 SELECT (COUNT(*)) AS `count` FROM tags Tags
2021-02-03 01:59:18 Debug: duration=0 rows=2 SELECT Tags.id AS `Tags__id`, Tags.title AS `Tags__title`, Tags.created AS `Tags__created`, Tags.modified AS `Tags__modified` FROM tags Tags LIMIT 20 OFFSET 0
2021-02-03 01:59:18 Debug: duration=0 rows=1 SELECT (COUNT(*)) AS `count` FROM tags Tags
2021-02-03 01:59:22 Debug: duration=0 rows=2 SELECT Tags.id AS `Tags__id`, Tags.title AS `Tags__title`, Tags.created AS `Tags__created`, Tags.modified AS `Tags__modified` FROM tags Tags LIMIT 20 OFFSET 0
2021-02-03 01:59:22 Debug: duration=0 rows=1 SELECT (COUNT(*)) AS `count` FROM tags Tags
2021-02-03 01:59:25 Debug: duration=0 rows=2 SELECT Tags.id AS `Tags__id`, Tags.title AS `Tags__title`, Tags.created AS `Tags__created`, Tags.modified AS `Tags__modified` FROM tags Tags LIMIT 20 OFFSET 0
2021-02-03 01:59:25 Debug: duration=0 rows=1 SELECT (COUNT(*)) AS `count` FROM tags Tags
2021-02-03 01:59:32 Debug: duration=0 rows=5 SHOW FULL COLUMNS FROM `users`
2021-02-03 01:59:32 Debug: duration=0 rows=1 SHOW INDEXES FROM `users`
2021-02-03 01:59:32 Debug: duration=1 rows=0 SELECT * FROM information_schema.key_column_usage AS kcu
            INNER JOIN information_schema.referential_constraints AS rc
            ON (
                kcu.CONSTRAINT_NAME = rc.CONSTRAINT_NAME
                AND kcu.CONSTRAINT_SCHEMA = rc.CONSTRAINT_SCHEMA
            )
            WHERE kcu.TABLE_SCHEMA = 'mydb' AND kcu.TABLE_NAME = 'users' AND rc.TABLE_NAME = 'users'
2021-02-03 01:59:32 Debug: duration=0 rows=1 SHOW TABLE STATUS WHERE Name = 'users'
2021-02-03 01:59:32 Debug: duration=0 rows=1 SELECT Users.id AS `Users__id`, Users.email AS `Users__email`, Users.password AS `Users__password`, Users.created AS `Users__created`, Users.modified AS `Users__modified` FROM users Users WHERE Users.email = 'takumi28280503@gmail.com' LIMIT 1
2021-02-03 01:59:49 Debug: duration=0 rows=2 SELECT Tags.id AS `Tags__id`, Tags.title AS `Tags__title`, Tags.created AS `Tags__created`, Tags.modified AS `Tags__modified` FROM tags Tags LIMIT 20 OFFSET 0
2021-02-03 01:59:49 Debug: duration=0 rows=1 SELECT (COUNT(*)) AS `count` FROM tags Tags
2021-02-03 01:59:51 Debug: duration=0 rows=2 SELECT Tags.id AS `Tags__id`, Tags.title AS `Tags__title`, Tags.created AS `Tags__created`, Tags.modified AS `Tags__modified` FROM tags Tags LIMIT 20 OFFSET 0
2021-02-03 01:59:51 Debug: duration=0 rows=1 SELECT (COUNT(*)) AS `count` FROM tags Tags
2021-02-03 02:31:26 Debug: duration=1 rows=8 SHOW FULL COLUMNS FROM `articles`
2021-02-03 02:31:26 Debug: duration=0 rows=3 SHOW INDEXES FROM `articles`
2021-02-03 02:31:26 Debug: duration=7 rows=1 SELECT * FROM information_schema.key_column_usage AS kcu
            INNER JOIN information_schema.referential_constraints AS rc
            ON (
                kcu.CONSTRAINT_NAME = rc.CONSTRAINT_NAME
                AND kcu.CONSTRAINT_SCHEMA = rc.CONSTRAINT_SCHEMA
            )
            WHERE kcu.TABLE_SCHEMA = 'mydb' AND kcu.TABLE_NAME = 'articles' AND rc.TABLE_NAME = 'articles'
2021-02-03 02:31:26 Debug: duration=5 rows=1 SHOW TABLE STATUS WHERE Name = 'articles'
2021-02-03 02:31:26 Debug: duration=0 rows=1 SELECT Articles.id AS `Articles__id`, Articles.user_id AS `Articles__user_id`, Articles.title AS `Articles__title`, Articles.slug AS `Articles__slug`, Articles.body AS `Articles__body`, Articles.published AS `Articles__published`, Articles.created AS `Articles__created`, Articles.modified AS `Articles__modified` FROM articles Articles LIMIT 20 OFFSET 0
2021-02-03 02:31:26 Debug: duration=0 rows=1 SELECT (COUNT(*)) AS `count` FROM articles Articles
2021-02-03 02:37:01 Debug: duration=2 rows=8 SHOW FULL COLUMNS FROM `articles`
2021-02-03 02:37:01 Debug: duration=1 rows=3 SHOW INDEXES FROM `articles`
2021-02-03 02:37:01 Debug: duration=1 rows=1 SELECT * FROM information_schema.key_column_usage AS kcu
            INNER JOIN information_schema.referential_constraints AS rc
            ON (
                kcu.CONSTRAINT_NAME = rc.CONSTRAINT_NAME
                AND kcu.CONSTRAINT_SCHEMA = rc.CONSTRAINT_SCHEMA
            )
            WHERE kcu.TABLE_SCHEMA = 'mydb' AND kcu.TABLE_NAME = 'articles' AND rc.TABLE_NAME = 'articles'
2021-02-03 02:37:01 Debug: duration=0 rows=1 SHOW TABLE STATUS WHERE Name = 'articles'
2021-02-03 02:37:01 Debug: duration=0 rows=1 SELECT Articles.id AS `Articles__id`, Articles.user_id AS `Articles__user_id`, Articles.title AS `Articles__title`, Articles.slug AS `Articles__slug`, Articles.body AS `Articles__body`, Articles.published AS `Articles__published`, Articles.created AS `Articles__created`, Articles.modified AS `Articles__modified` FROM articles Articles LIMIT 20 OFFSET 0
2021-02-03 02:37:01 Debug: duration=0 rows=1 SELECT (COUNT(*)) AS `count` FROM articles Articles
2021-02-03 02:42:54 Debug: duration=1 rows=5 SHOW FULL COLUMNS FROM `users`
2021-02-03 02:42:54 Debug: duration=0 rows=1 SHOW INDEXES FROM `users`
2021-02-03 02:42:54 Debug: duration=8 rows=0 SELECT * FROM information_schema.key_column_usage AS kcu
            INNER JOIN information_schema.referential_constraints AS rc
            ON (
                kcu.CONSTRAINT_NAME = rc.CONSTRAINT_NAME
                AND kcu.CONSTRAINT_SCHEMA = rc.CONSTRAINT_SCHEMA
            )
            WHERE kcu.TABLE_SCHEMA = 'mydb' AND kcu.TABLE_NAME = 'users' AND rc.TABLE_NAME = 'users'
2021-02-03 02:42:54 Debug: duration=6 rows=1 SHOW TABLE STATUS WHERE Name = 'users'
2021-02-03 02:43:18 Debug: duration=0 rows=0 BEGIN
2021-02-03 02:43:18 Debug: duration=0 rows=0 SELECT 1 AS `existing` FROM users Users WHERE Users.email = 'gmail@gmail.com' LIMIT 1
2021-02-03 02:43:18 Debug: duration=0 rows=1 INSERT INTO users (email, password, created, modified) VALUES ('gmail@gmail.com', '$2y$10$WxO.AgeWnjCMxKw.FEcrsul14eMNEfYLckIhtt04aBjgYB6v.Wu5m', '2021-02-03 02:43:18', '2021-02-03 02:43:18')
2021-02-03 02:43:18 Debug: duration=0 rows=0 COMMIT
2021-02-03 02:43:18 Debug: duration=0 rows=3 SELECT Users.id AS `Users__id`, Users.email AS `Users__email`, Users.password AS `Users__password`, Users.created AS `Users__created`, Users.modified AS `Users__modified` FROM users Users LIMIT 20 OFFSET 0
2021-02-03 02:43:18 Debug: duration=0 rows=1 SELECT (COUNT(*)) AS `count` FROM users Users
2021-02-03 02:43:24 Debug: duration=0 rows=8 SHOW FULL COLUMNS FROM `articles`
2021-02-03 02:43:24 Debug: duration=0 rows=3 SHOW INDEXES FROM `articles`
2021-02-03 02:43:24 Debug: duration=1 rows=1 SELECT * FROM information_schema.key_column_usage AS kcu
            INNER JOIN information_schema.referential_constraints AS rc
            ON (
                kcu.CONSTRAINT_NAME = rc.CONSTRAINT_NAME
                AND kcu.CONSTRAINT_SCHEMA = rc.CONSTRAINT_SCHEMA
            )
            WHERE kcu.TABLE_SCHEMA = 'mydb' AND kcu.TABLE_NAME = 'articles' AND rc.TABLE_NAME = 'articles'
2021-02-03 02:43:24 Debug: duration=1 rows=1 SHOW TABLE STATUS WHERE Name = 'articles'
2021-02-03 02:45:05 Debug: duration=1 rows=4 SHOW FULL COLUMNS FROM `tags`
2021-02-03 02:45:05 Debug: duration=0 rows=2 SHOW INDEXES FROM `tags`
2021-02-03 02:45:05 Debug: duration=1 rows=0 SELECT * FROM information_schema.key_column_usage AS kcu
            INNER JOIN information_schema.referential_constraints AS rc
            ON (
                kcu.CONSTRAINT_NAME = rc.CONSTRAINT_NAME
                AND kcu.CONSTRAINT_SCHEMA = rc.CONSTRAINT_SCHEMA
            )
            WHERE kcu.TABLE_SCHEMA = 'mydb' AND kcu.TABLE_NAME = 'tags' AND rc.TABLE_NAME = 'tags'
2021-02-03 02:45:05 Debug: duration=0 rows=1 SHOW TABLE STATUS WHERE Name = 'tags'
2021-02-03 02:45:05 Debug: duration=0 rows=2 SELECT Tags.id AS `Tags__id`, Tags.title AS `Tags__title` FROM tags Tags
2021-02-03 02:45:08 Debug: duration=0 rows=2 SELECT Tags.id AS `Tags__id`, Tags.title AS `Tags__title` FROM tags Tags
2021-02-03 02:47:01 Debug: duration=1 rows=8 SHOW FULL COLUMNS FROM `articles`
2021-02-03 02:47:01 Debug: duration=0 rows=3 SHOW INDEXES FROM `articles`
2021-02-03 02:47:01 Debug: duration=1 rows=1 SELECT * FROM information_schema.key_column_usage AS kcu
            INNER JOIN information_schema.referential_constraints AS rc
            ON (
                kcu.CONSTRAINT_NAME = rc.CONSTRAINT_NAME
                AND kcu.CONSTRAINT_SCHEMA = rc.CONSTRAINT_SCHEMA
            )
            WHERE kcu.TABLE_SCHEMA = 'mydb' AND kcu.TABLE_NAME = 'articles' AND rc.TABLE_NAME = 'articles'
2021-02-03 02:47:01 Debug: duration=0 rows=1 SHOW TABLE STATUS WHERE Name = 'articles'
2021-02-03 02:47:01 Debug: duration=0 rows=0 BEGIN
2021-02-03 02:47:01 Debug: duration=0 rows=1 INSERT INTO articles (user_id, title, slug, body, created, modified) VALUES (2, 'tag1', 'tag1', 'agaafafaf', '2021-02-03 02:47:01', '2021-02-03 02:47:01')
2021-02-03 02:47:01 Debug: duration=0 rows=0 COMMIT
2021-02-03 02:47:01 Debug: duration=0 rows=2 SELECT Articles.id AS `Articles__id`, Articles.user_id AS `Articles__user_id`, Articles.title AS `Articles__title`, Articles.slug AS `Articles__slug`, Articles.body AS `Articles__body`, Articles.published AS `Articles__published`, Articles.created AS `Articles__created`, Articles.modified AS `Articles__modified` FROM articles Articles LIMIT 20 OFFSET 0
2021-02-03 02:47:01 Debug: duration=0 rows=1 SELECT (COUNT(*)) AS `count` FROM articles Articles
2021-02-03 02:47:11 Debug: duration=0 rows=1 SELECT Articles.id AS `Articles__id`, Articles.user_id AS `Articles__user_id`, Articles.title AS `Articles__title`, Articles.slug AS `Articles__slug`, Articles.body AS `Articles__body`, Articles.published AS `Articles__published`, Articles.created AS `Articles__created`, Articles.modified AS `Articles__modified` FROM articles Articles WHERE Articles.slug = 'tag1' LIMIT 1
2021-02-03 02:47:11 Debug: duration=0 rows=1 SELECT Articles.id AS `Articles__id`, Articles.user_id AS `Articles__user_id`, Articles.title AS `Articles__title`, Articles.slug AS `Articles__slug`, Articles.body AS `Articles__body`, Articles.published AS `Articles__published`, Articles.created AS `Articles__created`, Articles.modified AS `Articles__modified` FROM articles Articles WHERE Articles.slug = 'tag1' LIMIT 1
2021-02-03 02:47:11 Debug: duration=0 rows=0 BEGIN
2021-02-03 02:47:11 Debug: duration=0 rows=2 SHOW FULL COLUMNS FROM `articles_tags`
2021-02-03 02:47:11 Debug: duration=0 rows=3 SHOW INDEXES FROM `articles_tags`
2021-02-03 02:47:11 Debug: duration=1 rows=2 SELECT * FROM information_schema.key_column_usage AS kcu
            INNER JOIN information_schema.referential_constraints AS rc
            ON (
                kcu.CONSTRAINT_NAME = rc.CONSTRAINT_NAME
                AND kcu.CONSTRAINT_SCHEMA = rc.CONSTRAINT_SCHEMA
            )
            WHERE kcu.TABLE_SCHEMA = 'mydb' AND kcu.TABLE_NAME = 'articles_tags' AND rc.TABLE_NAME = 'articles_tags'
2021-02-03 02:47:11 Debug: duration=6 rows=1 SHOW TABLE STATUS WHERE Name = 'articles_tags'
2021-02-03 02:47:11 Debug: duration=0 rows=0 DELETE FROM articles_tags WHERE article_id = 2
2021-02-03 02:47:11 Debug: duration=0 rows=1 DELETE FROM articles WHERE id = 2
2021-02-03 02:47:11 Debug: duration=0 rows=0 COMMIT
2021-02-03 02:47:11 Debug: duration=0 rows=1 SELECT Articles.id AS `Articles__id`, Articles.user_id AS `Articles__user_id`, Articles.title AS `Articles__title`, Articles.slug AS `Articles__slug`, Articles.body AS `Articles__body`, Articles.published AS `Articles__published`, Articles.created AS `Articles__created`, Articles.modified AS `Articles__modified` FROM articles Articles LIMIT 20 OFFSET 0
2021-02-03 02:47:11 Debug: duration=0 rows=1 SELECT (COUNT(*)) AS `count` FROM articles Articles
2021-02-03 02:50:04 Debug: duration=0 rows=8 SHOW FULL COLUMNS FROM `articles`
2021-02-03 02:50:04 Debug: duration=0 rows=3 SHOW INDEXES FROM `articles`
2021-02-03 02:50:04 Debug: duration=1 rows=1 SELECT * FROM information_schema.key_column_usage AS kcu
            INNER JOIN information_schema.referential_constraints AS rc
            ON (
                kcu.CONSTRAINT_NAME = rc.CONSTRAINT_NAME
                AND kcu.CONSTRAINT_SCHEMA = rc.CONSTRAINT_SCHEMA
            )
            WHERE kcu.TABLE_SCHEMA = 'mydb' AND kcu.TABLE_NAME = 'articles' AND rc.TABLE_NAME = 'articles'
2021-02-03 02:50:04 Debug: duration=0 rows=1 SHOW TABLE STATUS WHERE Name = 'articles'
2021-02-03 02:50:04 Debug: duration=0 rows=1 SELECT Articles.id AS `Articles__id`, Articles.user_id AS `Articles__user_id`, Articles.title AS `Articles__title`, Articles.slug AS `Articles__slug`, Articles.body AS `Articles__body`, Articles.published AS `Articles__published`, Articles.created AS `Articles__created`, Articles.modified AS `Articles__modified` FROM articles Articles LIMIT 20 OFFSET 0
2021-02-03 02:50:04 Debug: duration=0 rows=1 SELECT (COUNT(*)) AS `count` FROM articles Articles
2021-02-03 02:50:06 Debug: duration=0 rows=1 SELECT Articles.id AS `Articles__id`, Articles.user_id AS `Articles__user_id`, Articles.title AS `Articles__title`, Articles.slug AS `Articles__slug`, Articles.body AS `Articles__body`, Articles.published AS `Articles__published`, Articles.created AS `Articles__created`, Articles.modified AS `Articles__modified` FROM articles Articles LIMIT 20 OFFSET 0
2021-02-03 02:50:06 Debug: duration=0 rows=1 SELECT (COUNT(*)) AS `count` FROM articles Articles
2021-02-03 02:50:16 Debug: duration=0 rows=1 SELECT Articles.id AS `Articles__id`, Articles.user_id AS `Articles__user_id`, Articles.title AS `Articles__title`, Articles.slug AS `Articles__slug`, Articles.body AS `Articles__body`, Articles.published AS `Articles__published`, Articles.created AS `Articles__created`, Articles.modified AS `Articles__modified` FROM articles Articles WHERE Articles.slug = 'first-post' LIMIT 1
2021-02-03 02:50:16 Debug: duration=1 rows=1 SELECT Articles.id AS `Articles__id`, Articles.user_id AS `Articles__user_id`, Articles.title AS `Articles__title`, Articles.slug AS `Articles__slug`, Articles.body AS `Articles__body`, Articles.published AS `Articles__published`, Articles.created AS `Articles__created`, Articles.modified AS `Articles__modified` FROM articles Articles LIMIT 20 OFFSET 0
2021-02-03 02:50:16 Debug: duration=3 rows=1 SELECT (COUNT(*)) AS `count` FROM articles Articles
2021-02-03 02:50:30 Debug: duration=0 rows=0 BEGIN
2021-02-03 02:50:30 Debug: duration=0 rows=1 INSERT INTO articles (user_id, title, slug, body, created, modified) VALUES (2, 'test3', 'test3', '', '2021-02-03 02:50:30', '2021-02-03 02:50:30')
2021-02-03 02:50:30 Debug: duration=0 rows=0 COMMIT
2021-02-03 02:50:30 Debug: duration=1 rows=2 SELECT Articles.id AS `Articles__id`, Articles.user_id AS `Articles__user_id`, Articles.title AS `Articles__title`, Articles.slug AS `Articles__slug`, Articles.body AS `Articles__body`, Articles.published AS `Articles__published`, Articles.created AS `Articles__created`, Articles.modified AS `Articles__modified` FROM articles Articles LIMIT 20 OFFSET 0
2021-02-03 02:50:30 Debug: duration=0 rows=1 SELECT (COUNT(*)) AS `count` FROM articles Articles
2021-02-03 02:50:32 Debug: duration=0 rows=1 SELECT Articles.id AS `Articles__id`, Articles.user_id AS `Articles__user_id`, Articles.title AS `Articles__title`, Articles.slug AS `Articles__slug`, Articles.body AS `Articles__body`, Articles.published AS `Articles__published`, Articles.created AS `Articles__created`, Articles.modified AS `Articles__modified` FROM articles Articles WHERE Articles.slug = 'test3' LIMIT 1
2021-02-03 02:50:32 Debug: duration=0 rows=4 SHOW FULL COLUMNS FROM `tags`
2021-02-03 02:50:32 Debug: duration=0 rows=2 SHOW INDEXES FROM `tags`
2021-02-03 02:50:32 Debug: duration=2 rows=0 SELECT * FROM information_schema.key_column_usage AS kcu
            INNER JOIN information_schema.referential_constraints AS rc
            ON (
                kcu.CONSTRAINT_NAME = rc.CONSTRAINT_NAME
                AND kcu.CONSTRAINT_SCHEMA = rc.CONSTRAINT_SCHEMA
            )
            WHERE kcu.TABLE_SCHEMA = 'mydb' AND kcu.TABLE_NAME = 'tags' AND rc.TABLE_NAME = 'tags'
2021-02-03 02:50:32 Debug: duration=0 rows=1 SHOW TABLE STATUS WHERE Name = 'tags'
2021-02-03 02:50:32 Debug: duration=0 rows=1 SELECT Articles.id AS `Articles__id`, Articles.user_id AS `Articles__user_id`, Articles.title AS `Articles__title`, Articles.slug AS `Articles__slug`, Articles.body AS `Articles__body`, Articles.published AS `Articles__published`, Articles.created AS `Articles__created`, Articles.modified AS `Articles__modified` FROM articles Articles WHERE Articles.slug = 'test3' LIMIT 1
2021-02-03 02:50:32 Debug: duration=1 rows=2 SHOW FULL COLUMNS FROM `articles_tags`
2021-02-03 02:50:32 Debug: duration=0 rows=3 SHOW INDEXES FROM `articles_tags`
2021-02-03 02:50:32 Debug: duration=1 rows=2 SELECT * FROM information_schema.key_column_usage AS kcu
            INNER JOIN information_schema.referential_constraints AS rc
            ON (
                kcu.CONSTRAINT_NAME = rc.CONSTRAINT_NAME
                AND kcu.CONSTRAINT_SCHEMA = rc.CONSTRAINT_SCHEMA
            )
            WHERE kcu.TABLE_SCHEMA = 'mydb' AND kcu.TABLE_NAME = 'articles_tags' AND rc.TABLE_NAME = 'articles_tags'
2021-02-03 02:50:32 Debug: duration=0 rows=1 SHOW TABLE STATUS WHERE Name = 'articles_tags'
2021-02-03 02:50:32 Debug: duration=0 rows=0 SELECT ArticlesTags.article_id AS `Tags_CJoin__article_id`, ArticlesTags.tag_id AS `Tags_CJoin__tag_id`, Tags.id AS `Tags__id`, Tags.title AS `Tags__title`, Tags.created AS `Tags__created`, Tags.modified AS `Tags__modified` FROM tags Tags INNER JOIN articles_tags ArticlesTags ON Tags.id = (ArticlesTags.tag_id) WHERE ArticlesTags.article_id in (3)
2021-02-03 02:50:37 Debug: duration=0 rows=1 SELECT Articles.id AS `Articles__id`, Articles.user_id AS `Articles__user_id`, Articles.title AS `Articles__title`, Articles.slug AS `Articles__slug`, Articles.body AS `Articles__body`, Articles.published AS `Articles__published`, Articles.created AS `Articles__created`, Articles.modified AS `Articles__modified` FROM articles Articles WHERE Articles.slug = 'test3' LIMIT 1
2021-02-03 02:50:37 Debug: duration=0 rows=1 SELECT Articles.id AS `Articles__id`, Articles.user_id AS `Articles__user_id`, Articles.title AS `Articles__title`, Articles.slug AS `Articles__slug`, Articles.body AS `Articles__body`, Articles.published AS `Articles__published`, Articles.created AS `Articles__created`, Articles.modified AS `Articles__modified` FROM articles Articles WHERE Articles.slug = 'test3' LIMIT 1
2021-02-03 02:50:37 Debug: duration=0 rows=0 SELECT ArticlesTags.article_id AS `Tags_CJoin__article_id`, ArticlesTags.tag_id AS `Tags_CJoin__tag_id`, Tags.id AS `Tags__id`, Tags.title AS `Tags__title`, Tags.created AS `Tags__created`, Tags.modified AS `Tags__modified` FROM tags Tags INNER JOIN articles_tags ArticlesTags ON Tags.id = (ArticlesTags.tag_id) WHERE ArticlesTags.article_id in (3)
2021-02-03 02:50:37 Debug: duration=0 rows=0 BEGIN
2021-02-03 02:50:37 Debug: duration=0 rows=1 UPDATE articles SET body = '' , modified = '2021-02-03 02:50:37' WHERE id = 3
2021-02-03 02:50:37 Debug: duration=0 rows=0 COMMIT
2021-02-03 02:50:37 Debug: duration=0 rows=2 SELECT Articles.id AS `Articles__id`, Articles.user_id AS `Articles__user_id`, Articles.title AS `Articles__title`, Articles.slug AS `Articles__slug`, Articles.body AS `Articles__body`, Articles.published AS `Articles__published`, Articles.created AS `Articles__created`, Articles.modified AS `Articles__modified` FROM articles Articles LIMIT 20 OFFSET 0
2021-02-03 02:50:37 Debug: duration=0 rows=1 SELECT (COUNT(*)) AS `count` FROM articles Articles
2021-02-03 02:50:52 Debug: duration=0 rows=2 SELECT Articles.id AS `Articles__id`, Articles.user_id AS `Articles__user_id`, Articles.title AS `Articles__title`, Articles.slug AS `Articles__slug`, Articles.body AS `Articles__body`, Articles.published AS `Articles__published`, Articles.created AS `Articles__created`, Articles.modified AS `Articles__modified` FROM articles Articles LIMIT 20 OFFSET 0
2021-02-03 02:50:52 Debug: duration=0 rows=1 SELECT (COUNT(*)) AS `count` FROM articles Articles
2021-02-03 02:51:05 Debug: duration=0 rows=2 SELECT Tags.id AS `Tags__id`, Tags.title AS `Tags__title`, Tags.created AS `Tags__created`, Tags.modified AS `Tags__modified` FROM tags Tags LIMIT 20 OFFSET 0
2021-02-03 02:51:05 Debug: duration=0 rows=1 SELECT (COUNT(*)) AS `count` FROM tags Tags
2021-02-03 02:51:08 Debug: duration=0 rows=2 SELECT Tags.id AS `Tags__id`, Tags.title AS `Tags__title`, Tags.created AS `Tags__created`, Tags.modified AS `Tags__modified` FROM tags Tags LIMIT 20 OFFSET 0
2021-02-03 02:51:08 Debug: duration=0 rows=1 SELECT (COUNT(*)) AS `count` FROM tags Tags
2021-02-03 02:51:10 Debug: duration=2 rows=2 SELECT Tags.id AS `Tags__id`, Tags.title AS `Tags__title`, Tags.created AS `Tags__created`, Tags.modified AS `Tags__modified` FROM tags Tags LIMIT 20 OFFSET 0
2021-02-03 02:51:10 Debug: duration=0 rows=1 SELECT (COUNT(*)) AS `count` FROM tags Tags
2021-02-03 02:51:18 Debug: duration=1 rows=2 SELECT Articles.id AS `Articles__id`, Articles.user_id AS `Articles__user_id`, Articles.title AS `Articles__title`, Articles.slug AS `Articles__slug`, Articles.body AS `Articles__body`, Articles.published AS `Articles__published`, Articles.created AS `Articles__created`, Articles.modified AS `Articles__modified` FROM articles Articles LIMIT 20 OFFSET 0
2021-02-03 02:51:18 Debug: duration=0 rows=1 SELECT (COUNT(*)) AS `count` FROM articles Articles
2021-02-03 02:51:27 Debug: duration=0 rows=2 SELECT Tags.id AS `Tags__id`, Tags.title AS `Tags__title`, Tags.created AS `Tags__created`, Tags.modified AS `Tags__modified` FROM tags Tags LIMIT 20 OFFSET 0
2021-02-03 02:51:27 Debug: duration=0 rows=1 SELECT (COUNT(*)) AS `count` FROM tags Tags
2021-02-03 02:51:59 Debug: duration=0 rows=2 SELECT Tags.id AS `Tags__id`, Tags.title AS `Tags__title`, Tags.created AS `Tags__created`, Tags.modified AS `Tags__modified` FROM tags Tags LIMIT 20 OFFSET 0
2021-02-03 02:51:59 Debug: duration=0 rows=1 SELECT (COUNT(*)) AS `count` FROM tags Tags
2021-02-03 02:52:00 Debug: duration=0 rows=2 SELECT Tags.id AS `Tags__id`, Tags.title AS `Tags__title`, Tags.created AS `Tags__created`, Tags.modified AS `Tags__modified` FROM tags Tags LIMIT 20 OFFSET 0
2021-02-03 02:52:00 Debug: duration=1 rows=1 SELECT (COUNT(*)) AS `count` FROM tags Tags
2021-02-03 02:52:02 Debug: duration=1 rows=2 SELECT Tags.id AS `Tags__id`, Tags.title AS `Tags__title`, Tags.created AS `Tags__created`, Tags.modified AS `Tags__modified` FROM tags Tags LIMIT 20 OFFSET 0
2021-02-03 02:52:02 Debug: duration=0 rows=1 SELECT (COUNT(*)) AS `count` FROM tags Tags
2021-02-03 02:52:23 Debug: duration=1 rows=8 SHOW FULL COLUMNS FROM `articles`
2021-02-03 02:52:23 Debug: duration=0 rows=3 SHOW INDEXES FROM `articles`
2021-02-03 02:52:23 Debug: duration=1 rows=1 SELECT * FROM information_schema.key_column_usage AS kcu
            INNER JOIN information_schema.referential_constraints AS rc
            ON (
                kcu.CONSTRAINT_NAME = rc.CONSTRAINT_NAME
                AND kcu.CONSTRAINT_SCHEMA = rc.CONSTRAINT_SCHEMA
            )
            WHERE kcu.TABLE_SCHEMA = 'mydb' AND kcu.TABLE_NAME = 'articles' AND rc.TABLE_NAME = 'articles'
2021-02-03 02:52:23 Debug: duration=1 rows=1 SHOW TABLE STATUS WHERE Name = 'articles'
2021-02-03 02:52:23 Debug: duration=2 rows=2 SELECT Articles.id AS `Articles__id`, Articles.user_id AS `Articles__user_id`, Articles.title AS `Articles__title`, Articles.slug AS `Articles__slug`, Articles.body AS `Articles__body`, Articles.published AS `Articles__published`, Articles.created AS `Articles__created`, Articles.modified AS `Articles__modified` FROM articles Articles LIMIT 20 OFFSET 0
2021-02-03 02:52:23 Debug: duration=0 rows=1 SELECT (COUNT(*)) AS `count` FROM articles Articles
